<?xml version="1.0" encoding="UTF-8"?>
<testng-results ignored="0" total="1" passed="1" failed="0" skipped="0">
  <reporter-output>
  </reporter-output>
  <suite started-at="2023-06-17T14:16:54 IST" name="sauce_login_logout" finished-at="2023-06-17T14:17:03 IST" duration-ms="8165">
    <groups>
    </groups>
    <test started-at="2023-06-17T14:16:54 IST" name="login_logout" finished-at="2023-06-17T14:17:03 IST" duration-ms="8165">
      <class name="driverscript.Driverscript_saucedemo">
        <test-method is-config="true" signature="setupclass()[pri:0, instance:driverscript.Driverscript_saucedemo@4c5474f5]" started-at="2023-06-17T14:16:54 IST" name="setupclass" finished-at="2023-06-17T14:16:54 IST" duration-ms="64" status="PASS">
          <reporter-output>
          </reporter-output>
        </test-method> <!-- setupclass -->
        <test-method signature="feature(cucumber.api.testng.CucumberFeatureWrapper)[pri:0, instance:driverscript.Driverscript_saucedemo@4c5474f5]" started-at="2023-06-17T14:16:54 IST" name="feature" data-provider="datap" finished-at="2023-06-17T14:17:03 IST" duration-ms="8065" status="PASS">
          <params>
            <param index="0">
              <value>
                <![CDATA[Verify login logut functionality]]>
              </value>
            </param>
          </params>
          <reporter-output>
          </reporter-output>
        </test-method> <!-- feature -->
        <test-method is-config="true" signature="terdown()[pri:0, instance:driverscript.Driverscript_saucedemo@4c5474f5]" started-at="2023-06-17T14:17:03 IST" name="terdown" finished-at="2023-06-17T14:17:03 IST" duration-ms="1" status="PASS">
          <reporter-output>
          </reporter-output>
        </test-method> <!-- terdown -->
      </class> <!-- driverscript.Driverscript_saucedemo -->
    </test> <!-- login_logout -->
  </suite> <!-- sauce_login_logout -->
</testng-results>
